<?xml version="1.0" encoding="UTF-8"?>
<!-- Generated by org.testng.reporters.JUnitXMLReporter -->
<testsuite hostname="nitin-PC" ignored="0" name="Test" tests="2" failures="0" timestamp="2022-05-21T16:09:18 IST" time="0.228" errors="0">
  <testcase name="@BeforeMethod setUpMethod" time="-1.653129558338E9" classname="com.saucedemo.TestClass.Testbaseclass">
    <failure type="org.testng.TestNGException" message="
Parameter &amp;apos;browsername&amp;apos; is required by BeforeMethod on method setUpMethod but has not been marked @Optional or defined
in C:\Users\nitin\eclipse-workspace\saucedemo\testng.xml">
      <![CDATA[org.testng.TestNGException: 
Parameter 'browsername' is required by BeforeMethod on method setUpMethod but has not been marked @Optional or defined
in C:\Users\nitin\eclipse-workspace\saucedemo\testng.xml
at java.util.ArrayList.forEach(Unknown Source)
... Removed 28 stack frames]]>
    </failure>
  </testcase> <!-- @BeforeMethod setUpMethod -->
  <testcase name="@AfterMethod tearDownMethod" time="-1.653129558424E9" classname="com.saucedemo.TestClass.Testbaseclass">
    <skipped/>
  </testcase> <!-- @AfterMethod tearDownMethod -->
  <testcase name="@BeforeMethod setUpMethod" time="-1.65312955843E9" classname="com.saucedemo.TestClass.Testbaseclass">
    <failure type="org.testng.TestNGException" message="
Parameter &amp;apos;browsername&amp;apos; is required by BeforeMethod on method setUpMethod but has not been marked @Optional or defined
in C:\Users\nitin\eclipse-workspace\saucedemo\testng.xml">
      <![CDATA[org.testng.TestNGException: 
Parameter 'browsername' is required by BeforeMethod on method setUpMethod but has not been marked @Optional or defined
in C:\Users\nitin\eclipse-workspace\saucedemo\testng.xml
at java.util.ArrayList.forEach(Unknown Source)
... Removed 28 stack frames]]>
    </failure>
  </testcase> <!-- @BeforeMethod setUpMethod -->
  <testcase name="@AfterMethod tearDownMethod" time="-1.653129558443E9" classname="com.saucedemo.TestClass.Testbaseclass">
    <skipped/>
  </testcase> <!-- @AfterMethod tearDownMethod -->
  <testcase name="verifiylogoutfunctionality" time="0.0" classname="com.saucedemo.TestClass.TC02Logoutfunctionality">
    <skipped/>
  </testcase> <!-- verifiylogoutfunctionality -->
  <testcase name="Verifiyloginfunctionality" time="0.0" classname="com.saucedemo.TestClass.TC01Loginfuntionality">
    <skipped/>
  </testcase> <!-- Verifiyloginfunctionality -->
</testsuite> <!-- Test -->
